[2024-08-05T05:07:35.168Z] app listening at http://localhost:8000
[2024-08-05T05:07:35.968Z] Connection has been established successfully.
[2024-08-05T05:09:09.054Z] 1
[2024-08-05T05:09:45.252Z] 2
[2024-08-05T05:09:52.765Z] 2
[2024-08-05T05:10:04.719Z] 2
[2024-08-05T05:10:10.994Z] 2
[2024-08-05T05:10:57.142Z] 5
[2024-08-05T05:19:20.423Z] 1
[2024-08-05T05:19:32.591Z] 2
[2024-08-05T05:21:25.501Z] 1
[2024-08-05T05:22:02.685Z] 5
[2024-08-05T05:22:14.872Z] 5
[2024-08-05T05:36:18.730Z] SequelizeConnectionError: getaddrinfo EAI_AGAIN tailorg.com
[2024-08-05T05:36:18.752Z] {
status: error,
message: getaddrinfo EAI_AGAIN tailorg.com,
error: {
  name: SequelizeConnectionError,
  parent: {
    errno: -3001,
    code: EAI_AGAIN,
    syscall: getaddrinfo,
    hostname: tailorg.com,
    fatal: true
    },
  original: {
    errno: -3001,
    code: EAI_AGAIN,
    syscall: getaddrinfo,
    hostname: tailorg.com,
    fatal: true
    },
  statusCode: 500,
  status: error
  },
stack: SequelizeConnectionError: getaddrinfo EAI_AGAIN tailorg.com
    at ConnectionManager.connect (/home/brijesh/Desktop/FitBit/Full stack Base Code/node-basecode/node_modules/sequelize/lib/dialects/mysql/connection-manager.js:102:17)
    at process.processTicksAndRejections (node:internal/process/task_queues:95:5)
    at async ConnectionManager._connect (/home/brijesh/Desktop/FitBit/Full stack Base Code/node-basecode/node_modules/sequelize/lib/dialects/abstract/connection-manager.js:222:24)
}
[2024-08-05T05:36:18.761Z] {
status: error,
message: getaddrinfo EAI_AGAIN tailorg.com,
error: {
  name: SequelizeConnectionError,
  parent: {
    errno: -3001,
    code: EAI_AGAIN,
    syscall: getaddrinfo,
    hostname: tailorg.com,
    fatal: true
    },
  original: {
    errno: -3001,
    code: EAI_AGAIN,
    syscall: getaddrinfo,
    hostname: tailorg.com,
    fatal: true
    },
  statusCode: 500,
  status: error
  },
stack: SequelizeConnectionError: getaddrinfo EAI_AGAIN tailorg.com
    at ConnectionManager.connect (/home/brijesh/Desktop/FitBit/Full stack Base Code/node-basecode/node_modules/sequelize/lib/dialects/mysql/connection-manager.js:102:17)
    at process.processTicksAndRejections (node:internal/process/task_queues:95:5)
    at async ConnectionManager._connect (/home/brijesh/Desktop/FitBit/Full stack Base Code/node-basecode/node_modules/sequelize/lib/dialects/abstract/connection-manager.js:222:24)
}
[2024-08-05T05:36:19.517Z] SequelizeConnectionError: getaddrinfo EAI_AGAIN tailorg.com
[2024-08-05T05:36:19.523Z] {
status: error,
message: getaddrinfo EAI_AGAIN tailorg.com,
error: {
  name: SequelizeConnectionError,
  parent: {
    errno: -3001,
    code: EAI_AGAIN,
    syscall: getaddrinfo,
    hostname: tailorg.com,
    fatal: true
    },
  original: {
    errno: -3001,
    code: EAI_AGAIN,
    syscall: getaddrinfo,
    hostname: tailorg.com,
    fatal: true
    },
  statusCode: 500,
  status: error
  },
stack: SequelizeConnectionError: getaddrinfo EAI_AGAIN tailorg.com
    at ConnectionManager.connect (/home/brijesh/Desktop/FitBit/Full stack Base Code/node-basecode/node_modules/sequelize/lib/dialects/mysql/connection-manager.js:102:17)
    at process.processTicksAndRejections (node:internal/process/task_queues:95:5)
    at async ConnectionManager._connect (/home/brijesh/Desktop/FitBit/Full stack Base Code/node-basecode/node_modules/sequelize/lib/dialects/abstract/connection-manager.js:222:24)
}
[2024-08-05T05:36:21.532Z] SequelizeConnectionError: getaddrinfo EAI_AGAIN tailorg.com
[2024-08-05T05:36:21.553Z] {
status: error,
message: getaddrinfo EAI_AGAIN tailorg.com,
error: {
  name: SequelizeConnectionError,
  parent: {
    errno: -3001,
    code: EAI_AGAIN,
    syscall: getaddrinfo,
    hostname: tailorg.com,
    fatal: true
    },
  original: {
    errno: -3001,
    code: EAI_AGAIN,
    syscall: getaddrinfo,
    hostname: tailorg.com,
    fatal: true
    },
  statusCode: 500,
  status: error
  },
stack: SequelizeConnectionError: getaddrinfo EAI_AGAIN tailorg.com
    at ConnectionManager.connect (/home/brijesh/Desktop/FitBit/Full stack Base Code/node-basecode/node_modules/sequelize/lib/dialects/mysql/connection-manager.js:102:17)
    at process.processTicksAndRejections (node:internal/process/task_queues:95:5)
    at async ConnectionManager._connect (/home/brijesh/Desktop/FitBit/Full stack Base Code/node-basecode/node_modules/sequelize/lib/dialects/abstract/connection-manager.js:222:24)
}
[2024-08-05T05:36:21.554Z] {
status: error,
message: getaddrinfo EAI_AGAIN tailorg.com,
error: {
  name: SequelizeConnectionError,
  parent: {
    errno: -3001,
    code: EAI_AGAIN,
    syscall: getaddrinfo,
    hostname: tailorg.com,
    fatal: true
    },
  original: {
    errno: -3001,
    code: EAI_AGAIN,
    syscall: getaddrinfo,
    hostname: tailorg.com,
    fatal: true
    },
  statusCode: 500,
  status: error
  },
stack: SequelizeConnectionError: getaddrinfo EAI_AGAIN tailorg.com
    at ConnectionManager.connect (/home/brijesh/Desktop/FitBit/Full stack Base Code/node-basecode/node_modules/sequelize/lib/dialects/mysql/connection-manager.js:102:17)
    at process.processTicksAndRejections (node:internal/process/task_queues:95:5)
    at async ConnectionManager._connect (/home/brijesh/Desktop/FitBit/Full stack Base Code/node-basecode/node_modules/sequelize/lib/dialects/abstract/connection-manager.js:222:24)
}
[2024-08-05T05:37:34.840Z] SequelizeConnectionError: getaddrinfo EAI_AGAIN tailorg.com
[2024-08-05T05:37:34.850Z] {
status: error,
message: getaddrinfo EAI_AGAIN tailorg.com,
error: {
  name: SequelizeConnectionError,
  parent: {
    errno: -3001,
    code: EAI_AGAIN,
    syscall: getaddrinfo,
    hostname: tailorg.com,
    fatal: true
    },
  original: {
    errno: -3001,
    code: EAI_AGAIN,
    syscall: getaddrinfo,
    hostname: tailorg.com,
    fatal: true
    },
  statusCode: 500,
  status: error
  },
stack: SequelizeConnectionError: getaddrinfo EAI_AGAIN tailorg.com
    at ConnectionManager.connect (/home/brijesh/Desktop/FitBit/Full stack Base Code/node-basecode/node_modules/sequelize/lib/dialects/mysql/connection-manager.js:102:17)
    at process.processTicksAndRejections (node:internal/process/task_queues:95:5)
    at async ConnectionManager._connect (/home/brijesh/Desktop/FitBit/Full stack Base Code/node-basecode/node_modules/sequelize/lib/dialects/abstract/connection-manager.js:222:24)
}
[2024-08-05T05:37:34.870Z] SequelizeConnectionError: getaddrinfo EAI_AGAIN tailorg.com
[2024-08-05T05:37:34.888Z] {
status: error,
message: getaddrinfo EAI_AGAIN tailorg.com,
error: {
  name: SequelizeConnectionError,
  parent: {
    errno: -3001,
    code: EAI_AGAIN,
    syscall: getaddrinfo,
    hostname: tailorg.com,
    fatal: true
    },
  original: {
    errno: -3001,
    code: EAI_AGAIN,
    syscall: getaddrinfo,
    hostname: tailorg.com,
    fatal: true
    },
  statusCode: 500,
  status: error
  },
stack: SequelizeConnectionError: getaddrinfo EAI_AGAIN tailorg.com
    at ConnectionManager.connect (/home/brijesh/Desktop/FitBit/Full stack Base Code/node-basecode/node_modules/sequelize/lib/dialects/mysql/connection-manager.js:102:17)
    at process.processTicksAndRejections (node:internal/process/task_queues:95:5)
    at async ConnectionManager._connect (/home/brijesh/Desktop/FitBit/Full stack Base Code/node-basecode/node_modules/sequelize/lib/dialects/abstract/connection-manager.js:222:24)
}
[2024-08-05T05:37:34.913Z] {
status: error,
message: getaddrinfo EAI_AGAIN tailorg.com,
error: {
  name: SequelizeConnectionError,
  parent: {
    errno: -3001,
    code: EAI_AGAIN,
    syscall: getaddrinfo,
    hostname: tailorg.com,
    fatal: true
    },
  original: {
    errno: -3001,
    code: EAI_AGAIN,
    syscall: getaddrinfo,
    hostname: tailorg.com,
    fatal: true
    },
  statusCode: 500,
  status: error
  },
stack: SequelizeConnectionError: getaddrinfo EAI_AGAIN tailorg.com
    at ConnectionManager.connect (/home/brijesh/Desktop/FitBit/Full stack Base Code/node-basecode/node_modules/sequelize/lib/dialects/mysql/connection-manager.js:102:17)
    at process.processTicksAndRejections (node:internal/process/task_queues:95:5)
    at async ConnectionManager._connect (/home/brijesh/Desktop/FitBit/Full stack Base Code/node-basecode/node_modules/sequelize/lib/dialects/abstract/connection-manager.js:222:24)
}
[2024-08-05T05:37:36.993Z] SequelizeConnectionError: getaddrinfo EAI_AGAIN tailorg.com
[2024-08-05T05:37:37.005Z] SequelizeConnectionError: getaddrinfo EAI_AGAIN tailorg.com
[2024-08-05T05:37:37.014Z] {
status: error,
message: getaddrinfo EAI_AGAIN tailorg.com,
error: {
  name: SequelizeConnectionError,
  parent: {
    errno: -3001,
    code: EAI_AGAIN,
    syscall: getaddrinfo,
    hostname: tailorg.com,
    fatal: true
    },
  original: {
    errno: -3001,
    code: EAI_AGAIN,
    syscall: getaddrinfo,
    hostname: tailorg.com,
    fatal: true
    },
  statusCode: 500,
  status: error
  },
stack: SequelizeConnectionError: getaddrinfo EAI_AGAIN tailorg.com
    at ConnectionManager.connect (/home/brijesh/Desktop/FitBit/Full stack Base Code/node-basecode/node_modules/sequelize/lib/dialects/mysql/connection-manager.js:102:17)
    at process.processTicksAndRejections (node:internal/process/task_queues:95:5)
    at async ConnectionManager._connect (/home/brijesh/Desktop/FitBit/Full stack Base Code/node-basecode/node_modules/sequelize/lib/dialects/abstract/connection-manager.js:222:24)
}
[2024-08-05T05:37:37.054Z] {
status: error,
message: getaddrinfo EAI_AGAIN tailorg.com,
error: {
  name: SequelizeConnectionError,
  parent: {
    errno: -3001,
    code: EAI_AGAIN,
    syscall: getaddrinfo,
    hostname: tailorg.com,
    fatal: true
    },
  original: {
    errno: -3001,
    code: EAI_AGAIN,
    syscall: getaddrinfo,
    hostname: tailorg.com,
    fatal: true
    },
  statusCode: 500,
  status: error
  },
stack: SequelizeConnectionError: getaddrinfo EAI_AGAIN tailorg.com
    at ConnectionManager.connect (/home/brijesh/Desktop/FitBit/Full stack Base Code/node-basecode/node_modules/sequelize/lib/dialects/mysql/connection-manager.js:102:17)
    at process.processTicksAndRejections (node:internal/process/task_queues:95:5)
    at async ConnectionManager._connect (/home/brijesh/Desktop/FitBit/Full stack Base Code/node-basecode/node_modules/sequelize/lib/dialects/abstract/connection-manager.js:222:24)
}
[2024-08-05T05:37:37.066Z] {
status: error,
message: getaddrinfo EAI_AGAIN tailorg.com,
error: {
  name: SequelizeConnectionError,
  parent: {
    errno: -3001,
    code: EAI_AGAIN,
    syscall: getaddrinfo,
    hostname: tailorg.com,
    fatal: true
    },
  original: {
    errno: -3001,
    code: EAI_AGAIN,
    syscall: getaddrinfo,
    hostname: tailorg.com,
    fatal: true
    },
  statusCode: 500,
  status: error
  },
stack: SequelizeConnectionError: getaddrinfo EAI_AGAIN tailorg.com
    at ConnectionManager.connect (/home/brijesh/Desktop/FitBit/Full stack Base Code/node-basecode/node_modules/sequelize/lib/dialects/mysql/connection-manager.js:102:17)
    at process.processTicksAndRejections (node:internal/process/task_queues:95:5)
    at async ConnectionManager._connect (/home/brijesh/Desktop/FitBit/Full stack Base Code/node-basecode/node_modules/sequelize/lib/dialects/abstract/connection-manager.js:222:24)
}
[2024-08-05T06:07:05.462Z] 1
[2024-08-05T06:07:31.164Z] 1
[2024-08-05T06:15:11.532Z] 1
[2024-08-05T06:15:14.134Z] 2
[2024-08-05T06:15:21.209Z] 2
[2024-08-05T06:35:50.700Z] 1
[2024-08-05T06:52:40.333Z] 1
[2024-08-05T06:55:13.897Z] 1
[2024-08-05T07:05:46.465Z] basannofal04 admin@123
[2024-08-05T07:05:49.461Z] UNHANDLED REJECTION! Shutting down...
[2024-08-05T07:05:49.461Z] error : Error
[2024-08-05T07:05:49.462Z] message : Invalid login: 535 5.7.0 Invalid credentials
[2024-08-05T07:05:49.463Z] stack : Error: Invalid login: 535 5.7.0 Invalid credentials
    at SMTPConnection._formatError (/home/brijesh/Desktop/FitBit/Full stack Base Code/node-basecode/node_modules/nodemailer/lib/smtp-connection/index.js:798:19)
    at SMTPConnection._actionAUTHComplete (/home/brijesh/Desktop/FitBit/Full stack Base Code/node-basecode/node_modules/nodemailer/lib/smtp-connection/index.js:1577:34)
    at SMTPConnection.<anonymous> (/home/brijesh/Desktop/FitBit/Full stack Base Code/node-basecode/node_modules/nodemailer/lib/smtp-connection/index.js:554:26)
    at SMTPConnection._processResponse (/home/brijesh/Desktop/FitBit/Full stack Base Code/node-basecode/node_modules/nodemailer/lib/smtp-connection/index.js:982:20)
    at SMTPConnection._onData (/home/brijesh/Desktop/FitBit/Full stack Base Code/node-basecode/node_modules/nodemailer/lib/smtp-connection/index.js:763:14)
    at SMTPConnection._onSocketData (/home/brijesh/Desktop/FitBit/Full stack Base Code/node-basecode/node_modules/nodemailer/lib/smtp-connection/index.js:195:44)
    at TLSSocket.emit (node:events:513:28)
    at addChunk (node:internal/streams/readable:324:12)
    at readableAddChunk (node:internal/streams/readable:297:9)
    at Readable.push (node:internal/streams/readable:234:10)
[2024-08-05T07:06:40.445Z] app listening at http://localhost:8000
[2024-08-05T07:06:41.766Z] Connection has been established successfully.
[2024-08-05T07:06:42.323Z] basannofal04 admin@123
[2024-08-05T07:06:45.081Z] UNHANDLED REJECTION! Shutting down...
[2024-08-05T07:06:45.084Z] error : Error
[2024-08-05T07:06:45.100Z] message : Invalid login: 535 5.7.0 Invalid credentials
[2024-08-05T07:06:45.103Z] stack : Error: Invalid login: 535 5.7.0 Invalid credentials
    at SMTPConnection._formatError (/home/brijesh/Desktop/FitBit/Full stack Base Code/node-basecode/node_modules/nodemailer/lib/smtp-connection/index.js:798:19)
    at SMTPConnection._actionAUTHComplete (/home/brijesh/Desktop/FitBit/Full stack Base Code/node-basecode/node_modules/nodemailer/lib/smtp-connection/index.js:1577:34)
    at SMTPConnection.<anonymous> (/home/brijesh/Desktop/FitBit/Full stack Base Code/node-basecode/node_modules/nodemailer/lib/smtp-connection/index.js:554:26)
    at SMTPConnection._processResponse (/home/brijesh/Desktop/FitBit/Full stack Base Code/node-basecode/node_modules/nodemailer/lib/smtp-connection/index.js:982:20)
    at SMTPConnection._onData (/home/brijesh/Desktop/FitBit/Full stack Base Code/node-basecode/node_modules/nodemailer/lib/smtp-connection/index.js:763:14)
    at SMTPConnection._onSocketData (/home/brijesh/Desktop/FitBit/Full stack Base Code/node-basecode/node_modules/nodemailer/lib/smtp-connection/index.js:195:44)
    at TLSSocket.emit (node:events:513:28)
    at addChunk (node:internal/streams/readable:324:12)
    at readableAddChunk (node:internal/streams/readable:297:9)
    at Readable.push (node:internal/streams/readable:234:10)
[2024-08-05T07:07:18.080Z] app listening at http://localhost:8000
[2024-08-05T07:07:18.493Z] Connection has been established successfully.
[2024-08-05T07:18:55.928Z] basannofal04 admin@123
[2024-08-05T07:18:58.730Z] UNHANDLED REJECTION! Shutting down...
[2024-08-05T07:18:58.730Z] error : Error
[2024-08-05T07:18:58.731Z] message : Invalid login: 535 5.7.0 Invalid credentials
[2024-08-05T07:18:58.734Z] stack : Error: Invalid login: 535 5.7.0 Invalid credentials
    at SMTPConnection._formatError (/home/brijesh/Desktop/FitBit/Full stack Base Code/node-basecode/node_modules/nodemailer/lib/smtp-connection/index.js:798:19)
    at SMTPConnection._actionAUTHComplete (/home/brijesh/Desktop/FitBit/Full stack Base Code/node-basecode/node_modules/nodemailer/lib/smtp-connection/index.js:1577:34)
    at SMTPConnection.<anonymous> (/home/brijesh/Desktop/FitBit/Full stack Base Code/node-basecode/node_modules/nodemailer/lib/smtp-connection/index.js:554:26)
    at SMTPConnection._processResponse (/home/brijesh/Desktop/FitBit/Full stack Base Code/node-basecode/node_modules/nodemailer/lib/smtp-connection/index.js:982:20)
    at SMTPConnection._onData (/home/brijesh/Desktop/FitBit/Full stack Base Code/node-basecode/node_modules/nodemailer/lib/smtp-connection/index.js:763:14)
    at SMTPConnection._onSocketData (/home/brijesh/Desktop/FitBit/Full stack Base Code/node-basecode/node_modules/nodemailer/lib/smtp-connection/index.js:195:44)
    at TLSSocket.emit (node:events:513:28)
    at addChunk (node:internal/streams/readable:324:12)
    at readableAddChunk (node:internal/streams/readable:297:9)
    at Readable.push (node:internal/streams/readable:234:10)
[2024-08-05T07:19:06.029Z] app listening at http://localhost:8000
[2024-08-05T07:19:06.329Z] Connection has been established successfully.
[2024-08-05T07:21:28.557Z] basannofal04 admin@123
[2024-08-05T07:21:31.267Z] UNHANDLED REJECTION! Shutting down...
[2024-08-05T07:21:31.268Z] error : Error
[2024-08-05T07:21:31.268Z] message : Invalid login: 535 5.7.0 Invalid credentials
[2024-08-05T07:21:31.271Z] stack : Error: Invalid login: 535 5.7.0 Invalid credentials
    at SMTPConnection._formatError (/home/brijesh/Desktop/FitBit/Full stack Base Code/node-basecode/node_modules/nodemailer/lib/smtp-connection/index.js:798:19)
    at SMTPConnection._actionAUTHComplete (/home/brijesh/Desktop/FitBit/Full stack Base Code/node-basecode/node_modules/nodemailer/lib/smtp-connection/index.js:1577:34)
    at SMTPConnection.<anonymous> (/home/brijesh/Desktop/FitBit/Full stack Base Code/node-basecode/node_modules/nodemailer/lib/smtp-connection/index.js:554:26)
    at SMTPConnection._processResponse (/home/brijesh/Desktop/FitBit/Full stack Base Code/node-basecode/node_modules/nodemailer/lib/smtp-connection/index.js:982:20)
    at SMTPConnection._onData (/home/brijesh/Desktop/FitBit/Full stack Base Code/node-basecode/node_modules/nodemailer/lib/smtp-connection/index.js:763:14)
    at SMTPConnection._onSocketData (/home/brijesh/Desktop/FitBit/Full stack Base Code/node-basecode/node_modules/nodemailer/lib/smtp-connection/index.js:195:44)
    at TLSSocket.emit (node:events:513:28)
    at addChunk (node:internal/streams/readable:324:12)
    at readableAddChunk (node:internal/streams/readable:297:9)
    at Readable.push (node:internal/streams/readable:234:10)
[2024-08-05T07:22:08.955Z] app listening at http://localhost:8000
[2024-08-05T07:22:09.545Z] Connection has been established successfully.
[2024-08-05T07:22:18.734Z] basannofal04 admin@123
[2024-08-05T07:33:03.600Z] basannofal04 admin@123
[2024-08-05T08:25:44.232Z] basannofal04 admin@123
[2024-08-05T08:40:19.387Z] basannofal04 admin@123
[2024-08-05T08:58:12.956Z] 1
[2024-08-05T09:08:04.639Z] basannofal04 admin@123
[2024-08-05T10:02:39.547Z] basannofal04 admin@123
[2024-08-05T10:07:06.169Z] 1
[2024-08-05T10:07:13.736Z] 2
[2024-08-05T10:07:25.867Z] 2
[2024-08-05T10:07:41.159Z] 1
[2024-08-05T11:50:35.616Z] 1
[2024-08-05T12:08:19.796Z] 1
