[2024-07-25T05:31:07.808Z] app listening at http://localhost:8000
[2024-07-25T05:31:09.115Z] Connection has been established successfully.
[2024-07-25T05:36:00.266Z] app listening at http://localhost:8000
[2024-07-25T05:36:04.384Z] {
status: fail,
message: Invalid token,
error: {
  statusCode: 403,
  status: fail,
  isOperational: true
  },
stack: Error: Invalid token
    at /home/techuz/Desktop/training/Projects/project-FitBit/fitbit/node-basecode/src/middlewares/authMiddleware.js:19:26
    at module.exports [as verify] (/home/techuz/Desktop/training/Projects/project-FitBit/fitbit/node-basecode/node_modules/jsonwebtoken/verify.js:70:12)
    at authMiddleware (/home/techuz/Desktop/training/Projects/project-FitBit/fitbit/node-basecode/src/middlewares/authMiddleware.js:18:7)
    at Layer.handle [as handle_request] (/home/techuz/Desktop/training/Projects/project-FitBit/fitbit/node-basecode/node_modules/express/lib/router/layer.js:95:5)
    at next (/home/techuz/Desktop/training/Projects/project-FitBit/fitbit/node-basecode/node_modules/express/lib/router/route.js:149:13)
    at Route.dispatch (/home/techuz/Desktop/training/Projects/project-FitBit/fitbit/node-basecode/node_modules/express/lib/router/route.js:119:3)
    at Layer.handle [as handle_request] (/home/techuz/Desktop/training/Projects/project-FitBit/fitbit/node-basecode/node_modules/express/lib/router/layer.js:95:5)
    at /home/techuz/Desktop/training/Projects/project-FitBit/fitbit/node-basecode/node_modules/express/lib/router/index.js:284:15
    at Function.process_params (/home/techuz/Desktop/training/Projects/project-FitBit/fitbit/node-basecode/node_modules/express/lib/router/index.js:346:12)
    at next (/home/techuz/Desktop/training/Projects/project-FitBit/fitbit/node-basecode/node_modules/express/lib/router/index.js:280:10)
}
[2024-07-25T05:36:05.410Z] Connection has been established successfully.
[2024-07-25T05:37:54.419Z] {
status: fail,
message: Invalid token,
error: {
  statusCode: 403,
  status: fail,
  isOperational: true
  },
stack: Error: Invalid token
    at /home/techuz/Desktop/training/Projects/project-FitBit/fitbit/node-basecode/src/middlewares/authMiddleware.js:19:26
    at module.exports [as verify] (/home/techuz/Desktop/training/Projects/project-FitBit/fitbit/node-basecode/node_modules/jsonwebtoken/verify.js:70:12)
    at authMiddleware (/home/techuz/Desktop/training/Projects/project-FitBit/fitbit/node-basecode/src/middlewares/authMiddleware.js:18:7)
    at Layer.handle [as handle_request] (/home/techuz/Desktop/training/Projects/project-FitBit/fitbit/node-basecode/node_modules/express/lib/router/layer.js:95:5)
    at next (/home/techuz/Desktop/training/Projects/project-FitBit/fitbit/node-basecode/node_modules/express/lib/router/route.js:149:13)
    at Route.dispatch (/home/techuz/Desktop/training/Projects/project-FitBit/fitbit/node-basecode/node_modules/express/lib/router/route.js:119:3)
    at Layer.handle [as handle_request] (/home/techuz/Desktop/training/Projects/project-FitBit/fitbit/node-basecode/node_modules/express/lib/router/layer.js:95:5)
    at /home/techuz/Desktop/training/Projects/project-FitBit/fitbit/node-basecode/node_modules/express/lib/router/index.js:284:15
    at Function.process_params (/home/techuz/Desktop/training/Projects/project-FitBit/fitbit/node-basecode/node_modules/express/lib/router/index.js:346:12)
    at next (/home/techuz/Desktop/training/Projects/project-FitBit/fitbit/node-basecode/node_modules/express/lib/router/index.js:280:10)
}
[2024-07-25T05:38:58.173Z] {
status: fail,
message: No token provided,
error: {
  statusCode: 401,
  status: fail,
  isOperational: true
  },
stack: Error: No token provided
    at authMiddleware (/home/techuz/Desktop/training/Projects/project-FitBit/fitbit/node-basecode/src/middlewares/authMiddleware.js:11:17)
    at Layer.handle [as handle_request] (/home/techuz/Desktop/training/Projects/project-FitBit/fitbit/node-basecode/node_modules/express/lib/router/layer.js:95:5)
    at next (/home/techuz/Desktop/training/Projects/project-FitBit/fitbit/node-basecode/node_modules/express/lib/router/route.js:149:13)
    at Route.dispatch (/home/techuz/Desktop/training/Projects/project-FitBit/fitbit/node-basecode/node_modules/express/lib/router/route.js:119:3)
    at Layer.handle [as handle_request] (/home/techuz/Desktop/training/Projects/project-FitBit/fitbit/node-basecode/node_modules/express/lib/router/layer.js:95:5)
    at /home/techuz/Desktop/training/Projects/project-FitBit/fitbit/node-basecode/node_modules/express/lib/router/index.js:284:15
    at Function.process_params (/home/techuz/Desktop/training/Projects/project-FitBit/fitbit/node-basecode/node_modules/express/lib/router/index.js:346:12)
    at next (/home/techuz/Desktop/training/Projects/project-FitBit/fitbit/node-basecode/node_modules/express/lib/router/index.js:280:10)
    at Function.handle (/home/techuz/Desktop/training/Projects/project-FitBit/fitbit/node-basecode/node_modules/express/lib/router/index.js:175:3)
    at router (/home/techuz/Desktop/training/Projects/project-FitBit/fitbit/node-basecode/node_modules/express/lib/router/index.js:47:12)
}
[2024-07-25T05:39:34.263Z] {
status: fail,
message: Invalid credentials,
error: {
  statusCode: 400,
  status: fail,
  isOperational: true
  },
stack: Error: Invalid credentials
    at AdminLogin (/home/techuz/Desktop/training/Projects/project-FitBit/fitbit/node-basecode/src/Controllers/Auth/auth.js:82:19)
}
[2024-07-25T05:39:43.251Z] {
status: fail,
message: Invalid credentials,
error: {
  statusCode: 400,
  status: fail,
  isOperational: true
  },
stack: Error: Invalid credentials
    at AdminLogin (/home/techuz/Desktop/training/Projects/project-FitBit/fitbit/node-basecode/src/Controllers/Auth/auth.js:82:19)
}
[2024-07-25T05:40:32.411Z] {
status: fail,
message: Email already exist,
error: {
  statusCode: 400,
  status: fail,
  isOperational: true
  },
stack: Error: Email already exist
    at AdminRegister (/home/techuz/Desktop/training/Projects/project-FitBit/fitbit/node-basecode/src/Controllers/Auth/auth.js:18:17)
    at process.processTicksAndRejections (node:internal/process/task_queues:95:5)
}
[2024-07-25T05:40:50.221Z] {
status: fail,
message: Invalid credentials,
error: {
  statusCode: 400,
  status: fail,
  isOperational: true
  },
stack: Error: Invalid credentials
    at AdminLogin (/home/techuz/Desktop/training/Projects/project-FitBit/fitbit/node-basecode/src/Controllers/Auth/auth.js:82:19)
}
[2024-07-25T05:41:06.053Z] {
status: fail,
message: Invalid credentials,
error: {
  statusCode: 400,
  status: fail,
  isOperational: true
  },
stack: Error: Invalid credentials
    at AdminLogin (/home/techuz/Desktop/training/Projects/project-FitBit/fitbit/node-basecode/src/Controllers/Auth/auth.js:82:19)
}
[2024-07-25T05:41:18.381Z] {
status: fail,
message: Invalid credentials,
error: {
  statusCode: 400,
  status: fail,
  isOperational: true
  },
stack: Error: Invalid credentials
    at AdminLogin (/home/techuz/Desktop/training/Projects/project-FitBit/fitbit/node-basecode/src/Controllers/Auth/auth.js:82:19)
}
[2024-07-25T05:41:25.943Z] {
status: fail,
message: Invalid credentials,
error: {
  statusCode: 400,
  status: fail,
  isOperational: true
  },
stack: Error: Invalid credentials
    at AdminLogin (/home/techuz/Desktop/training/Projects/project-FitBit/fitbit/node-basecode/src/Controllers/Auth/auth.js:82:19)
}
[2024-07-25T05:41:32.376Z] {
status: fail,
message: Invalid credentials,
error: {
  statusCode: 400,
  status: fail,
  isOperational: true
  },
stack: Error: Invalid credentials
    at AdminLogin (/home/techuz/Desktop/training/Projects/project-FitBit/fitbit/node-basecode/src/Controllers/Auth/auth.js:74:19)
    at process.processTicksAndRejections (node:internal/process/task_queues:95:5)
}
[2024-07-25T05:45:36.723Z] app listening at http://localhost:8000
[2024-07-25T05:45:40.340Z] Connection has been established successfully.
[2024-07-25T05:58:42.176Z] app listening at http://localhost:8000
[2024-07-25T05:58:44.722Z] Connection has been established successfully.
[2024-07-25T05:59:08.589Z] Log file uploaded successfully: https://storage.googleapis.com/fitbit-ca9f5.appspot.com/logs/2024-07-24-logs.log
[2024-07-25T05:59:08.590Z] Log file uploaded to firebase.
[2024-07-25T05:59:08.612Z] Log file deleted successfully: /home/techuz/Desktop/training/Projects/project-FitBit/fitbit/node-basecode/src/config/logs/2024-07-24-logs.log
