[2024-08-02T05:37:15.797Z] app listening at http://localhost:8000
[2024-08-02T05:37:19.391Z] Connection has been established successfully.
[2024-08-02T06:09:47.830Z] {
status: fail,
message: No token provided,
error: {
  statusCode: 401,
  status: fail,
  isOperational: true
  },
stack: Error: No token provided
    at authMiddleware (/home/techuz/Desktop/training/Projects/project-FitBit/fitbit/node-basecode/src/middlewares/authMiddleware.js:11:17)
    at Layer.handle [as handle_request] (/home/techuz/Desktop/training/Projects/project-FitBit/fitbit/node-basecode/node_modules/express/lib/router/layer.js:95:5)
    at next (/home/techuz/Desktop/training/Projects/project-FitBit/fitbit/node-basecode/node_modules/express/lib/router/route.js:149:13)
    at Route.dispatch (/home/techuz/Desktop/training/Projects/project-FitBit/fitbit/node-basecode/node_modules/express/lib/router/route.js:119:3)
    at Layer.handle [as handle_request] (/home/techuz/Desktop/training/Projects/project-FitBit/fitbit/node-basecode/node_modules/express/lib/router/layer.js:95:5)
    at /home/techuz/Desktop/training/Projects/project-FitBit/fitbit/node-basecode/node_modules/express/lib/router/index.js:284:15
    at Function.process_params (/home/techuz/Desktop/training/Projects/project-FitBit/fitbit/node-basecode/node_modules/express/lib/router/index.js:346:12)
    at next (/home/techuz/Desktop/training/Projects/project-FitBit/fitbit/node-basecode/node_modules/express/lib/router/index.js:280:10)
    at Function.handle (/home/techuz/Desktop/training/Projects/project-FitBit/fitbit/node-basecode/node_modules/express/lib/router/index.js:175:3)
    at router (/home/techuz/Desktop/training/Projects/project-FitBit/fitbit/node-basecode/node_modules/express/lib/router/index.js:47:12)
}
[2024-08-02T06:09:47.835Z] {
status: fail,
message: No token provided,
error: {
  statusCode: 401,
  status: fail,
  isOperational: true
  },
stack: Error: No token provided
    at authMiddleware (/home/techuz/Desktop/training/Projects/project-FitBit/fitbit/node-basecode/src/middlewares/authMiddleware.js:11:17)
    at Layer.handle [as handle_request] (/home/techuz/Desktop/training/Projects/project-FitBit/fitbit/node-basecode/node_modules/express/lib/router/layer.js:95:5)
    at next (/home/techuz/Desktop/training/Projects/project-FitBit/fitbit/node-basecode/node_modules/express/lib/router/route.js:149:13)
    at Route.dispatch (/home/techuz/Desktop/training/Projects/project-FitBit/fitbit/node-basecode/node_modules/express/lib/router/route.js:119:3)
    at Layer.handle [as handle_request] (/home/techuz/Desktop/training/Projects/project-FitBit/fitbit/node-basecode/node_modules/express/lib/router/layer.js:95:5)
    at /home/techuz/Desktop/training/Projects/project-FitBit/fitbit/node-basecode/node_modules/express/lib/router/index.js:284:15
    at Function.process_params (/home/techuz/Desktop/training/Projects/project-FitBit/fitbit/node-basecode/node_modules/express/lib/router/index.js:346:12)
    at next (/home/techuz/Desktop/training/Projects/project-FitBit/fitbit/node-basecode/node_modules/express/lib/router/index.js:280:10)
    at Function.handle (/home/techuz/Desktop/training/Projects/project-FitBit/fitbit/node-basecode/node_modules/express/lib/router/index.js:175:3)
    at router (/home/techuz/Desktop/training/Projects/project-FitBit/fitbit/node-basecode/node_modules/express/lib/router/index.js:47:12)
}
[2024-08-02T06:11:17.462Z] {
status: fail,
message: No token provided,
error: {
  statusCode: 401,
  status: fail,
  isOperational: true
  },
stack: Error: No token provided
    at authMiddleware (/home/techuz/Desktop/training/Projects/project-FitBit/fitbit/node-basecode/src/middlewares/authMiddleware.js:11:17)
    at Layer.handle [as handle_request] (/home/techuz/Desktop/training/Projects/project-FitBit/fitbit/node-basecode/node_modules/express/lib/router/layer.js:95:5)
    at next (/home/techuz/Desktop/training/Projects/project-FitBit/fitbit/node-basecode/node_modules/express/lib/router/route.js:149:13)
    at Route.dispatch (/home/techuz/Desktop/training/Projects/project-FitBit/fitbit/node-basecode/node_modules/express/lib/router/route.js:119:3)
    at Layer.handle [as handle_request] (/home/techuz/Desktop/training/Projects/project-FitBit/fitbit/node-basecode/node_modules/express/lib/router/layer.js:95:5)
    at /home/techuz/Desktop/training/Projects/project-FitBit/fitbit/node-basecode/node_modules/express/lib/router/index.js:284:15
    at Function.process_params (/home/techuz/Desktop/training/Projects/project-FitBit/fitbit/node-basecode/node_modules/express/lib/router/index.js:346:12)
    at next (/home/techuz/Desktop/training/Projects/project-FitBit/fitbit/node-basecode/node_modules/express/lib/router/index.js:280:10)
    at Function.handle (/home/techuz/Desktop/training/Projects/project-FitBit/fitbit/node-basecode/node_modules/express/lib/router/index.js:175:3)
    at router (/home/techuz/Desktop/training/Projects/project-FitBit/fitbit/node-basecode/node_modules/express/lib/router/index.js:47:12)
}
[2024-08-02T06:11:17.470Z] {
status: fail,
message: No token provided,
error: {
  statusCode: 401,
  status: fail,
  isOperational: true
  },
stack: Error: No token provided
    at authMiddleware (/home/techuz/Desktop/training/Projects/project-FitBit/fitbit/node-basecode/src/middlewares/authMiddleware.js:11:17)
    at Layer.handle [as handle_request] (/home/techuz/Desktop/training/Projects/project-FitBit/fitbit/node-basecode/node_modules/express/lib/router/layer.js:95:5)
    at next (/home/techuz/Desktop/training/Projects/project-FitBit/fitbit/node-basecode/node_modules/express/lib/router/route.js:149:13)
    at Route.dispatch (/home/techuz/Desktop/training/Projects/project-FitBit/fitbit/node-basecode/node_modules/express/lib/router/route.js:119:3)
    at Layer.handle [as handle_request] (/home/techuz/Desktop/training/Projects/project-FitBit/fitbit/node-basecode/node_modules/express/lib/router/layer.js:95:5)
    at /home/techuz/Desktop/training/Projects/project-FitBit/fitbit/node-basecode/node_modules/express/lib/router/index.js:284:15
    at Function.process_params (/home/techuz/Desktop/training/Projects/project-FitBit/fitbit/node-basecode/node_modules/express/lib/router/index.js:346:12)
    at next (/home/techuz/Desktop/training/Projects/project-FitBit/fitbit/node-basecode/node_modules/express/lib/router/index.js:280:10)
    at Function.handle (/home/techuz/Desktop/training/Projects/project-FitBit/fitbit/node-basecode/node_modules/express/lib/router/index.js:175:3)
    at router (/home/techuz/Desktop/training/Projects/project-FitBit/fitbit/node-basecode/node_modules/express/lib/router/index.js:47:12)
}
[2024-08-02T06:14:09.268Z] savan0388@emaill.com savan1234
[2024-08-02T06:14:09.371Z] {
status: fail,
message: Invalid credentials,
error: {
  statusCode: 400,
  status: fail,
  isOperational: true
  },
stack: Error: Invalid credentials
    at AdminLogin (/home/techuz/Desktop/training/Projects/project-FitBit/fitbit/node-basecode/src/Controllers/Auth/auth.js:89:19)
}
[2024-08-02T06:14:17.879Z] savan0420@emaill.com savan1234
[2024-08-02T06:14:21.100Z] UNHANDLED REJECTION! Shutting down...
[2024-08-02T06:14:21.100Z] error : Error
[2024-08-02T06:14:21.100Z] message : Invalid login: 535 5.7.0 Invalid credentials
[2024-08-02T06:14:21.101Z] stack : Error: Invalid login: 535 5.7.0 Invalid credentials
    at SMTPConnection._formatError (/home/techuz/Desktop/training/Projects/project-FitBit/fitbit/node-basecode/node_modules/nodemailer/lib/smtp-connection/index.js:798:19)
    at SMTPConnection._actionAUTHComplete (/home/techuz/Desktop/training/Projects/project-FitBit/fitbit/node-basecode/node_modules/nodemailer/lib/smtp-connection/index.js:1577:34)
    at SMTPConnection.<anonymous> (/home/techuz/Desktop/training/Projects/project-FitBit/fitbit/node-basecode/node_modules/nodemailer/lib/smtp-connection/index.js:554:26)
    at SMTPConnection._processResponse (/home/techuz/Desktop/training/Projects/project-FitBit/fitbit/node-basecode/node_modules/nodemailer/lib/smtp-connection/index.js:982:20)
    at SMTPConnection._onData (/home/techuz/Desktop/training/Projects/project-FitBit/fitbit/node-basecode/node_modules/nodemailer/lib/smtp-connection/index.js:763:14)
    at SMTPConnection._onSocketData (/home/techuz/Desktop/training/Projects/project-FitBit/fitbit/node-basecode/node_modules/nodemailer/lib/smtp-connection/index.js:195:44)
    at TLSSocket.emit (node:events:517:28)
    at addChunk (node:internal/streams/readable:335:12)
    at readableAddChunk (node:internal/streams/readable:308:9)
    at Readable.push (node:internal/streams/readable:245:10)
[2024-08-02T06:14:46.319Z] app listening at http://localhost:8000
[2024-08-02T06:14:46.807Z] Connection has been established successfully.
[2024-08-02T06:14:57.530Z] savan0420@emaill.com savan1234
[2024-08-02T06:15:00.634Z] UNHANDLED REJECTION! Shutting down...
[2024-08-02T06:15:00.634Z] error : Error
[2024-08-02T06:15:00.634Z] message : Invalid login: 535 5.7.0 Invalid credentials
[2024-08-02T06:15:00.635Z] stack : Error: Invalid login: 535 5.7.0 Invalid credentials
    at SMTPConnection._formatError (/home/techuz/Desktop/training/Projects/project-FitBit/fitbit/node-basecode/node_modules/nodemailer/lib/smtp-connection/index.js:798:19)
    at SMTPConnection._actionAUTHComplete (/home/techuz/Desktop/training/Projects/project-FitBit/fitbit/node-basecode/node_modules/nodemailer/lib/smtp-connection/index.js:1577:34)
    at SMTPConnection.<anonymous> (/home/techuz/Desktop/training/Projects/project-FitBit/fitbit/node-basecode/node_modules/nodemailer/lib/smtp-connection/index.js:554:26)
    at SMTPConnection._processResponse (/home/techuz/Desktop/training/Projects/project-FitBit/fitbit/node-basecode/node_modules/nodemailer/lib/smtp-connection/index.js:982:20)
    at SMTPConnection._onData (/home/techuz/Desktop/training/Projects/project-FitBit/fitbit/node-basecode/node_modules/nodemailer/lib/smtp-connection/index.js:763:14)
    at SMTPConnection._onSocketData (/home/techuz/Desktop/training/Projects/project-FitBit/fitbit/node-basecode/node_modules/nodemailer/lib/smtp-connection/index.js:195:44)
    at TLSSocket.emit (node:events:517:28)
    at addChunk (node:internal/streams/readable:335:12)
    at readableAddChunk (node:internal/streams/readable:308:9)
    at Readable.push (node:internal/streams/readable:245:10)
[2024-08-02T06:15:46.741Z] app listening at http://localhost:8000
[2024-08-02T06:15:47.550Z] Connection has been established successfully.
[2024-08-02T06:22:03.170Z] {
status: 400,
message: Unexpected token , in JSON at position 3103,
error: {
  expose: true,
  statusCode: 400,
  status: 400,
  body: {
        "id": 2,
        "uuid": "uuid-2",
        "title": "Terms & Conditions",
        "content": "<h3>1. Introduction</h3> <p>Welcome to [Your Company Name]. These Terms and Conditions (&quot;Terms&quot;) govern your use of our website located at [Your Website URL] (&quot;Site&quot;). By accessing or using our Site, you agree to comply with and be bound by these Terms. If you do not agree to these Terms, please do not use our Site.</p> <h3>2. Use of the Site</h3> <h4>Eligibility</h4> <p>You must be at least 18 years old to use our Site. By using our Site, you represent and warrant that you meet this age requirement.</p> <h4>User Account</h4> <p>To access certain features of our Site, you may need to create an account. You are responsible for maintaining the confidentiality of your account information and for all activities that occur under your account.</p> <h4>Prohibited Activities</h4> <p>You agree not to:</p> <ul> <li>Use the Site for any unlawful purpose.</li> <li>Interfere with or disrupt the operation of the Site.</li> <li>Use automated means to access the Site.</li> <li>Upload or transmit any malicious code.</li> </ul> <h3>3. Intellectual Property</h3> <h4>Ownership</h4> <p>All content on our Site, including text, graphics, logos, and images, is the property of [Your Company Name] or its content suppliers and is protected by intellectual property laws.</p> <h4>License</h4> <p>We grant you a limited, non-exclusive, non-transferable, and revocable license to access and use our Site for personal, non-commercial purposes.</p> <h3>4. Disclaimers</h3> <p>Our Site is provided on an &quot;as is&quot; and &quot;as available&quot; basis. We make no warranties, expressed or implied, regarding the operation or availability of the Site or the accuracy of the information provided.</p> <h3>5. Limitation of Liability</h3> <p>To the fullest extent permitted by law, [Your Company Name] shall not be liable for any direct, indirect, incidental, special, or consequential damages arising out of your use of or inability to use the Site.</p> <h3>6. Indemnification</h3> <p>You agree to indemnify, defend, and hold harmless [Your Company Name] and its affiliates from any claims, liabilities, damages, losses, and expenses arising from your use of the Site or violation of these Terms.</p> <h3>7. Changes to Terms</h3> <p>We reserve the right to modify these Terms at any time. Any changes will be effective immediately upon posting on the Site. Your continued use of the Site after such changes constitutes your acceptance of the new Terms.</p> <h3>8. Governing Law</h3> <p>These Terms shall be governed by and construed in accordance with the laws of [Your State/Country], without regard to its conflict of law principles.</p> <h3>9. Contact Information</h3> <p>If you have any questions about these Terms, please contact us at:</p> <p>[Your Company Name]<br>[Your Address]<br>[Your Email Address]<br>[Your Phone Number]</p>",
        "type": "2",
        "createdAt": "2024-07-22T12:18:54.000Z",
        "updatedAt": "2024-07-22T12:18:54.000Z",
        "deletedAt": null
    },,
  type: entity.parse.failed
  },
stack: SyntaxError: Unexpected token , in JSON at position 3103
    at JSON.parse (<anonymous>)
    at parse (/home/techuz/Desktop/training/Projects/project-FitBit/fitbit/node-basecode/node_modules/body-parser/lib/types/json.js:92:19)
    at /home/techuz/Desktop/training/Projects/project-FitBit/fitbit/node-basecode/node_modules/body-parser/lib/read.js:128:18
    at AsyncResource.runInAsyncScope (node:async_hooks:203:9)
    at invokeCallback (/home/techuz/Desktop/training/Projects/project-FitBit/fitbit/node-basecode/node_modules/raw-body/index.js:238:16)
    at done (/home/techuz/Desktop/training/Projects/project-FitBit/fitbit/node-basecode/node_modules/raw-body/index.js:227:7)
    at IncomingMessage.onEnd (/home/techuz/Desktop/training/Projects/project-FitBit/fitbit/node-basecode/node_modules/raw-body/index.js:287:7)
    at IncomingMessage.emit (node:events:517:28)
    at endReadableNT (node:internal/streams/readable:1368:12)
    at process.processTicksAndRejections (node:internal/process/task_queues:82:21)
}
